Performing C++ SOURCE FILE Test COMPILER_SUPPORT_Wlogicalop failed with the following output:
Change Dir: /Users/suzuki/Code/cgeom/build/CMakeFiles/CMakeTmp

Run Build Command(s):/opt/local/bin/ninja cmTC_f5cf2 && [1/2] Building CXX object CMakeFiles/cmTC_f5cf2.dir/src.cxx.o
FAILED: CMakeFiles/cmTC_f5cf2.dir/src.cxx.o 
/usr/bin/clang++ -DCOMPILER_SUPPORT_Wlogicalop  -pedantic -Wall -Wextra -Wundef -Wcast-align -Wchar-subscripts -Wnon-virtual-dtor -Wunused-local-typedefs -Wpointer-arith -Wwrite-strings -Wformat-security -Wshorten-64-to-32 -Werror -isysroot /Library/Developer/CommandLineTools/SDKs/MacOSX11.3.sdk   -Wlogical-op -std=c++11 -MD -MT CMakeFiles/cmTC_f5cf2.dir/src.cxx.o -MF CMakeFiles/cmTC_f5cf2.dir/src.cxx.o.d -o CMakeFiles/cmTC_f5cf2.dir/src.cxx.o -c src.cxx
error: unknown warning option '-Wlogical-op'; did you mean '-Wlong-long'? [-Werror,-Wunknown-warning-option]
ninja: build stopped: subcommand failed.


Source file was:
int main() { return 0; }
Performing C++ SOURCE FILE Test COMPILER_SUPPORT_wd981 failed with the following output:
Change Dir: /Users/suzuki/Code/cgeom/build/CMakeFiles/CMakeTmp

Run Build Command(s):/opt/local/bin/ninja cmTC_a1dab && [1/2] Building CXX object CMakeFiles/cmTC_a1dab.dir/src.cxx.o
FAILED: CMakeFiles/cmTC_a1dab.dir/src.cxx.o 
/usr/bin/clang++ -DCOMPILER_SUPPORT_wd981  -pedantic -Wall -Wextra -Wundef -Wcast-align -Wchar-subscripts -Wnon-virtual-dtor -Wunused-local-typedefs -Wpointer-arith -Wwrite-strings -Wformat-security -Wshorten-64-to-32 -Wenum-conversion -Wc++11-extensions -Wdouble-promotion -Wshadow -Wno-psabi -Wno-variadic-macros -Wno-long-long -fno-check-new -fno-common -fstrict-aliasing -Werror -isysroot /Library/Developer/CommandLineTools/SDKs/MacOSX11.3.sdk   -wd981 -std=c++11 -MD -MT CMakeFiles/cmTC_a1dab.dir/src.cxx.o -MF CMakeFiles/cmTC_a1dab.dir/src.cxx.o.d -o CMakeFiles/cmTC_a1dab.dir/src.cxx.o -c src.cxx
clang: error: unknown argument: '-wd981'
ninja: build stopped: subcommand failed.


Source file was:
int main() { return 0; }
Performing C++ SOURCE FILE Test COMPILER_SUPPORT_wd2304 failed with the following output:
Change Dir: /Users/suzuki/Code/cgeom/build/CMakeFiles/CMakeTmp

Run Build Command(s):/opt/local/bin/ninja cmTC_0d871 && [1/2] Building CXX object CMakeFiles/cmTC_0d871.dir/src.cxx.o
FAILED: CMakeFiles/cmTC_0d871.dir/src.cxx.o 
/usr/bin/clang++ -DCOMPILER_SUPPORT_wd2304  -pedantic -Wall -Wextra -Wundef -Wcast-align -Wchar-subscripts -Wnon-virtual-dtor -Wunused-local-typedefs -Wpointer-arith -Wwrite-strings -Wformat-security -Wshorten-64-to-32 -Wenum-conversion -Wc++11-extensions -Wdouble-promotion -Wshadow -Wno-psabi -Wno-variadic-macros -Wno-long-long -fno-check-new -fno-common -fstrict-aliasing -Werror -isysroot /Library/Developer/CommandLineTools/SDKs/MacOSX11.3.sdk   -wd2304 -std=c++11 -MD -MT CMakeFiles/cmTC_0d871.dir/src.cxx.o -MF CMakeFiles/cmTC_0d871.dir/src.cxx.o.d -o CMakeFiles/cmTC_0d871.dir/src.cxx.o -c src.cxx
clang: error: unknown argument: '-wd2304'
ninja: build stopped: subcommand failed.


Source file was:
int main() { return 0; }
Performing C++ SOURCE FILE Test COMPILER_SUPPORT_OPENMP failed with the following output:
Change Dir: /Users/suzuki/Code/cgeom/build/CMakeFiles/CMakeTmp

Run Build Command(s):/opt/local/bin/ninja cmTC_8c4c6 && [1/2] Building CXX object CMakeFiles/cmTC_8c4c6.dir/src.cxx.o
FAILED: CMakeFiles/cmTC_8c4c6.dir/src.cxx.o 
/usr/bin/clang++ -DCOMPILER_SUPPORT_OPENMP  -pedantic -Wall -Wextra -Wundef -Wcast-align -Wchar-subscripts -Wnon-virtual-dtor -Wunused-local-typedefs -Wpointer-arith -Wwrite-strings -Wformat-security -Wshorten-64-to-32 -Wenum-conversion -Wc++11-extensions -Wdouble-promotion -Wshadow -Wno-psabi -Wno-variadic-macros -Wno-long-long -fno-check-new -fno-common -fstrict-aliasing  -isysroot /Library/Developer/CommandLineTools/SDKs/MacOSX11.3.sdk   -fopenmp -std=c++11 -MD -MT CMakeFiles/cmTC_8c4c6.dir/src.cxx.o -MF CMakeFiles/cmTC_8c4c6.dir/src.cxx.o.d -o CMakeFiles/cmTC_8c4c6.dir/src.cxx.o -c src.cxx
clang: error: unsupported option '-fopenmp'
ninja: build stopped: subcommand failed.


Source file was:
int main() { return 0; }
Looking for a Fortran compiler failed with the following output:
-- The Fortran compiler identification is unknown
CMake Error at CMakeLists.txt:2 (project):
  No CMAKE_Fortran_COMPILER could be found.

  Tell CMake where to find the compiler by setting either the environment
  variable "FC" or the CMake cache entry CMAKE_Fortran_COMPILER to the full
  path to the compiler, or to the compiler name if it is in the PATH.


-- Configuring incomplete, errors occurred!
See also "/Users/suzuki/Code/cgeom/build/3rdparty/eigen/blas/CMakeFiles/CheckFortran/CMakeFiles/CMakeOutput.log".
See also "/Users/suzuki/Code/cgeom/build/3rdparty/eigen/blas/CMakeFiles/CheckFortran/CMakeFiles/CMakeError.log".

